mode: set
server/serverContainer.go:16.44,21.2 1 1
server/serverContainer.go:25.48,27.54 1 1
server/serverContainer.go:30.2,31.12 2 1
server/serverContainer.go:27.54,29.3 1 1
server/serverContainer.go:35.48,37.2 1 0
server/serverContainer.go:40.45,42.2 1 1
server/serverContainer.go:45.59,47.2 1 1
server/serverContainer.go:50.54,52.2 1 1
server/serverContainer.go:57.48,58.12 1 1
server/serverContainer.go:58.12,59.33 1 1
server/serverContainer.go:63.3,63.7 1 1
server/serverContainer.go:59.33,62.4 1 0
server/serverContainer.go:63.7,64.11 1 1
server/serverContainer.go:65.33,66.34 1 1
server/serverContainer.go:66.34,68.6 1 1
server/serverContainer.go:76.55,78.2 1 1
server/basicServer.go:20.45,25.2 1 1
server/basicServer.go:31.53,33.44 1 1
server/basicServer.go:39.2,43.16 5 1
server/basicServer.go:48.2,49.12 2 1
server/basicServer.go:33.44,35.3 1 1
server/basicServer.go:35.8,35.21 1 1
server/basicServer.go:35.21,38.3 1 1
server/basicServer.go:43.16,46.3 1 1
server/basicServer.go:54.41,56.52 2 1
server/basicServer.go:59.2,59.33 1 1
server/basicServer.go:56.52,58.3 1 0
server/basicServer.go:64.42,65.17 1 1
server/basicServer.go:68.2,68.21 1 1
server/basicServer.go:65.17,67.3 1 1
server/basicServer.go:75.46,76.17 1 1
server/basicServer.go:80.2,81.16 2 1
server/basicServer.go:84.2,84.12 1 1
server/basicServer.go:76.17,78.3 1 1
server/basicServer.go:81.16,83.3 1 1
server/basicServer.go:88.36,90.2 1 1
server/basicServer.go:93.52,95.2 1 1
server/credentials.go:23.36,25.2 1 1
server/credentials.go:28.60,31.2 2 1
server/credentials.go:35.58,36.48 1 1
server/credentials.go:41.2,44.44 3 1
server/credentials.go:60.2,60.12 1 1
server/credentials.go:36.48,39.3 1 1
server/credentials.go:44.44,46.34 1 1
server/credentials.go:46.34,51.10 3 1
server/credentials.go:51.10,53.19 2 1
server/credentials.go:53.19,55.6 1 1
server/credentials.go:73.47,74.62 1 1
server/credentials.go:80.2,80.12 1 1
server/credentials.go:74.62,76.3 1 1
server/credentials.go:76.8,76.27 1 1
server/credentials.go:76.27,79.3 1 1
server/credentials.go:89.32,90.23 1 0
server/credentials.go:93.2,93.12 1 0
server/credentials.go:90.23,92.3 1 0
server/credentials.go:105.31,106.18 1 1
server/credentials.go:116.2,116.12 1 1
server/credentials.go:106.18,108.3 1 1
server/credentials.go:108.8,108.49 1 1
server/credentials.go:108.49,110.3 1 1
server/credentials.go:110.8,110.33 1 1
server/credentials.go:110.33,112.3 1 1
server/credentials.go:112.8,112.24 1 1
server/credentials.go:112.24,114.3 1 1
